logged error with status code: 404
        at 12:14:34 
        error was: message not found 
logged error with status code: 400
        at 12:14:45 
        error was: message already exists 
logged error with status code: 400
        at 12:16:10 
        error was: message already exists 
logged error with status code: undefined
        at 12:41:28 
        error was: The first argument must be of type string or an instance of Buffer, ArrayBuffer, or Array or an Array-like Object. Received undefined 
logged error with status code: undefined
        at 12:43:3 
        error was: The first argument must be of type string or an instance of Buffer, ArrayBuffer, or Array or an Array-like Object. Received undefined 
logged error with status code: undefined
        at 12:43:3 
        error was: The first argument must be of type string or an instance of Buffer, ArrayBuffer, or Array or an Array-like Object. Received undefined 
logged error with status code: undefined
        at 12:44:5 
        error was: The first argument must be of type string or an instance of Buffer, ArrayBuffer, or Array or an Array-like Object. Received undefined 
logged error with status code: undefined
        at 12:45:34 
        error was: The first argument must be of type string or an instance of Buffer, ArrayBuffer, or Array or an Array-like Object. Received undefined 
