logged error with status code: 413
        at 15:1:35 
        error was: request entity too large 
logged error with status code: 413
        at 15:4:10 
        error was: request entity too large 
logged error with status code: 413
        at 16:5:15 
        error was: request entity too large 
logged error with status code: 413
        at 16:5:38 
        error was: request entity too large 
logged error with status code: 413
        at 16:9:32 
        error was: request entity too large 
logged error with status code: 413
        at 16:24:26 
        error was: request entity too large 
logged error with status code: 413
        at 16:27:21 
        error was: request entity too large 
logged error with status code: 413
        at 16:28:2 
        error was: request entity too large 
logged error with status code: 413
        at 16:31:25 
        error was: request entity too large 
logged error with status code: undefined
        at 16:32:58 
        error was: Multipart: Boundary not found 
logged error with status code: undefined
        at 19:15:48 
        error was: Multipart: Boundary not found 
logged error with status code: undefined
        at 19:16:26 
        error was: Multipart: Boundary not found 
logged error with status code: undefined
        at 19:16:32 
        error was: Multipart: Boundary not found 
logged error with status code: undefined
        at 19:46:10 
        error was: Cannot read properties of undefined (reading 'path') 
logged error with status code: undefined
        at 19:47:16 
        error was: Cannot read properties of undefined (reading 'invitation') 
logged error with status code: undefined
        at 19:47:30 
        error was: Cannot read properties of undefined (reading 'path') 
logged error with status code: undefined
        at 19:47:45 
        error was: Cannot read properties of undefined (reading 'path') 
logged error with status code: undefined
        at 19:48:44 
        error was: Multipart: Boundary not found 
logged error with status code: undefined
        at 19:49:8 
        error was: Cannot read properties of undefined (reading 'formData') 
logged error with status code: undefined
        at 19:51:13 
        error was: Cannot read properties of undefined (reading 'formData') 
logged error with status code: undefined
        at 19:51:37 
        error was: Cannot read properties of undefined (reading 'formData') 
logged error with status code: undefined
        at 19:56:8 
        error was: The "path" argument must be of type string or an instance of Buffer or URL. Received undefined 
logged error with status code: undefined
        at 19:56:14 
        error was: The "path" argument must be of type string or an instance of Buffer or URL. Received undefined 
logged error with status code: undefined
        at 19:56:47 
        error was: The "path" argument must be of type string or an instance of Buffer or URL. Received undefined 
logged error with status code: undefined
        at 20:2:49 
        error was: The "path" argument must be of type string or an instance of Buffer or URL. Received undefined 
logged error with status code: undefined
        at 20:4:28 
        error was: The "path" argument must be of type string or an instance of Buffer or URL. Received undefined 
logged error with status code: undefined
        at 20:4:56 
        error was: The "path" argument must be of type string or an instance of Buffer or URL. Received undefined 
logged error with status code: undefined
        at 20:5:11 
        error was: The "path" argument must be of type string or an instance of Buffer or URL. Received undefined 
logged error with status code: undefined
        at 20:5:45 
        error was: The "path" argument must be of type string or an instance of Buffer or URL. Received undefined 
logged error with status code: undefined
        at 20:6:9 
        error was: The "path" argument must be of type string or an instance of Buffer or URL. Received undefined 
logged error with status code: undefined
        at 20:6:44 
        error was: The "path" argument must be of type string or an instance of Buffer or URL. Received undefined 
logged error with status code: undefined
        at 20:7:4 
        error was: The "path" argument must be of type string or an instance of Buffer or URL. Received undefined 
logged error with status code: undefined
        at 20:7:31 
        error was: The "path" argument must be of type string or an instance of Buffer or URL. Received undefined 
logged error with status code: undefined
        at 20:7:49 
        error was: The "path" argument must be of type string or an instance of Buffer or URL. Received undefined 
logged error with status code: undefined
        at 20:38:44 
        error was: The "path" argument must be of type string or an instance of Buffer or URL. Received undefined 
logged error with status code: undefined
        at 20:40:10 
        error was: The "path" argument must be of type string or an instance of Buffer or URL. Received undefined 
logged error with status code: undefined
        at 20:41:19 
        error was: The "path" argument must be of type string or an instance of Buffer or URL. Received undefined 
