logged error with status code: 400
        at 13:14:39 
        error was: status is invalid 
logged error with status code: 400
        at 13:14:59 
        error was: status is invalid 
logged error with status code: 400
        at 13:15:29 
        error was: status is invalid 
logged error with status code: 400
        at 13:15:39 
        error was: status is invalid 
logged error with status code: 400
        at 13:17:29 
        error was: status is invalid 
logged error with status code: 400
        at 13:17:42 
        error was: status is invalid 
logged error with status code: 400
        at 13:17:57 
        error was: status is invalid 
logged error with status code: 400
        at 13:18:17 
        error was: status is invalid 
logged error with status code: 400
        at 13:18:20 
        error was: status is invalid 
logged error with status code: 400
        at 13:18:32 
        error was: status is invalid 
logged error with status code: 400
        at 13:18:44 
        error was: status is invalid 
logged error with status code: 400
        at 13:18:54 
        error was: status is invalid 
logged error with status code: 400
        at 13:19:18 
        error was: status is invalid 
logged error with status code: 400
        at 13:19:29 
        error was: status is invalid 
logged error with status code: 400
        at 13:19:43 
        error was: status is invalid 
logged error with status code: 400
        at 13:20:0 
        error was: status is invalid 
logged error with status code: 400
        at 13:21:5 
        error was: status is invalid 
logged error with status code: undefined
        at 13:22:34 
        error was: req.body.stringify is not a function 
logged error with status code: undefined
        at 13:22:47 
        error was: req.body.stringify is not a function 
logged error with status code: 400
        at 16:2:45 
        error was: Expected double-quoted property name in JSON at position 54 
logged error with status code: 400
        at 17:8:43 
        error was: Expected double-quoted property name in JSON at position 54 
logged error with status code: 401
        at 17:8:49 
        error was: invalid body expect 3 keys 
logged error with status code: 400
        at 17:20:56 
        error was: token is missing 
