logged error with status code: 401
        at 12:35:52 
        error was: You are not a caller 
logged error with status code: 401
        at 12:35:52 
        error was: You are not a caller 
logged error with status code: 400
        at 19:53:2 
        error was: Only the invites field can be updated. 
logged error with status code: 400
        at 20:57:5 
        error was: id is invalid 
logged error with status code: 400
        at 20:58:20 
        error was: token is missing 
logged error with status code: 400
        at 21:0:27 
        error was: token is missing 
logged error with status code: 400
        at 21:0:56 
        error was: token is missing 
logged error with status code: undefined
        at 21:1:41 
        error was: user validation failed: invites.9.phone: Path `phone` is required., invites.9.group: Path `group` is required., invites.9.name.first: Path `first` is required., invites.9.name.last: Path `last` is required. 
logged error with status code: undefined
        at 21:2:11 
        error was: user validation failed: invites.9.phone: Path `phone` is required., invites.9.group: Path `group` is required., invites.9.name.first: Path `first` is required., invites.9.name.last: Path `last` is required. 
logged error with status code: undefined
        at 21:4:0 
        error was: user validation failed: invites.9.phone: Path `phone` is required., invites.9.group: Path `group` is required., invites.9.name.first: Path `first` is required., invites.9.name.last: Path `last` is required. 
logged error with status code: undefined
        at 21:5:12 
        error was: user validation failed: invites.9.phone: Path `phone` is required., invites.9.group: Path `group` is required., invites.9.name.first: Path `first` is required., invites.9.name.last: Path `last` is required. 
