logged error with status code: 401
        at 14:39:25 
        error was: Invalid Email 
logged error with status code: 401
        at 14:39:36 
        error was: Invalid Email 
logged error with status code: 401
        at 14:39:58 
        error was: Invalid password 
logged error with status code: 401
        at 14:40:1 
        error was: Invalid password 
logged error with status code: 401
        at 14:40:19 
        error was: Invalid password 
logged error with status code: 401
        at 14:41:14 
        error was: You are not a caller 
logged error with status code: 401
        at 14:41:14 
        error was: You are not a caller 
logged error with status code: 401
        at 14:42:11 
        error was: You are not a caller 
logged error with status code: 401
        at 14:42:11 
        error was: You are not a caller 
logged error with status code: 401
        at 14:42:37 
        error was: You are not a caller 
logged error with status code: 401
        at 14:42:37 
        error was: You are not a caller 
logged error with status code: 401
        at 14:42:54 
        error was: You are not a caller 
logged error with status code: 401
        at 14:42:54 
        error was: You are not a caller 
logged error with status code: 401
        at 14:43:1 
        error was: You are not a caller 
logged error with status code: 401
        at 14:43:1 
        error was: You are not a caller 
logged error with status code: 401
        at 14:43:17 
        error was: You are not a caller 
logged error with status code: 401
        at 14:43:17 
        error was: You are not a caller 
logged error with status code: 401
        at 14:43:36 
        error was: You are not a caller 
logged error with status code: 401
        at 14:43:36 
        error was: You are not a caller 
logged error with status code: 401
        at 14:43:43 
        error was: You are not a caller 
logged error with status code: 401
        at 14:43:43 
        error was: You are not a caller 
logged error with status code: 401
        at 14:44:22 
        error was: You are not a caller 
logged error with status code: 401
        at 14:44:22 
        error was: You are not a caller 
logged error with status code: 401
        at 14:44:26 
        error was: You are not a caller 
logged error with status code: 401
        at 14:44:26 
        error was: You are not a caller 
logged error with status code: 401
        at 14:45:38 
        error was: You are not a caller 
logged error with status code: 401
        at 14:48:28 
        error was: You are not a caller 
logged error with status code: 401
        at 14:48:28 
        error was: You are not a caller 
logged error with status code: 401
        at 14:50:18 
        error was: Invalid password 
